[25-09-05 01:31:56] [INFO] [DEBUG] onEnable start -> 1757035916197

[25-09-05 01:31:56] [INFO] Using Economy Provider: com.earth2me.essentials.economy.vault.VaultEconomyProvider
[25-09-05 01:31:56] [INFO] [DEBUG] Starting load of Config at 1757035916251
[25-09-05 01:31:56] [INFO] [DEBUG] Config has been loaded. (took 13ms)
[25-09-05 01:31:56] [INFO] [DEBUG] Starting load of Lang at 1757035916264
[25-09-05 01:31:56] [INFO] [DEBUG] Lang has been loaded. (took 16ms)
[25-09-05 01:31:56] [INFO] [DEBUG] Starting load of UserManagerImpl at 1757035916280
[25-09-05 01:31:56] [INFO] [DEBUG] UserManagerImpl has been loaded. (took 1ms)
[25-09-05 01:31:56] [INFO] [DEBUG] Starting load of GuiListener at 1757035916282
[25-09-05 01:31:56] [INFO] [DEBUG] GuiListener has been loaded. (took 0ms)
[25-09-05 01:31:56] [INFO] [DEBUG] Starting load of PartyManagerImpl at 1757035916282
[25-09-05 01:31:56] [INFO] [DEBUG] PartyManagerImpl has been loaded. (took 0ms)
[25-09-05 01:31:56] [INFO] [DEBUG] Starting load of KitManagerImpl at 1757035916282
[25-09-05 01:31:56] [INFO] [DEBUG] onDisable start -> 1757035916285

[25-09-05 01:31:56] [INFO] [DEBUG] Starting unload of PartyManagerImpl at 1757035916287
[25-09-05 01:31:56] [INFO] [DEBUG] PartyManagerImpl has been unloaded. (took 0ms)
[25-09-05 01:31:56] [INFO] [DEBUG] Starting unload of GuiListener at 1757035916288
[25-09-05 01:31:56] [INFO] [DEBUG] GuiListener has been unloaded. (took 0ms)
[25-09-05 01:31:56] [INFO] [DEBUG] Starting unload of UserManagerImpl at 1757035916288
[25-09-05 01:31:56] [INFO] [DEBUG] UserManagerImpl has been unloaded. (took 0ms)
[25-09-05 01:31:56] [INFO] [DEBUG] Starting unload of Lang at 1757035916288
[25-09-05 01:31:56] [INFO] [DEBUG] Lang has been unloaded. (took 0ms)
[25-09-05 01:31:56] [INFO] [DEBUG] Starting unload of Config at 1757035916288
[25-09-05 01:31:56] [INFO] [DEBUG] Config has been unloaded. (took 0ms)
[25-09-05 01:31:56] [INFO] [DEBUG] unload done (took 4ms)
[25-09-05 01:31:56] [INFO] [DEBUG] Log#clearSources done (took 0ms)
[25-09-05 01:39:20] [INFO] [DEBUG] onEnable start -> 1757036360702

[25-09-05 01:39:20] [INFO] Using Economy Provider: com.earth2me.essentials.economy.vault.VaultEconomyProvider
[25-09-05 01:39:20] [INFO] [DEBUG] Starting load of Config at 1757036360753
[25-09-05 01:39:20] [INFO] [DEBUG] Config has been loaded. (took 15ms)
[25-09-05 01:39:20] [INFO] [DEBUG] Starting load of Lang at 1757036360768
[25-09-05 01:39:20] [INFO] [DEBUG] Lang has been loaded. (took 16ms)
[25-09-05 01:39:20] [INFO] [DEBUG] Starting load of UserManagerImpl at 1757036360784
[25-09-05 01:39:20] [INFO] [DEBUG] UserManagerImpl has been loaded. (took 1ms)
[25-09-05 01:39:20] [INFO] [DEBUG] Starting load of GuiListener at 1757036360785
[25-09-05 01:39:20] [INFO] [DEBUG] GuiListener has been loaded. (took 0ms)
[25-09-05 01:39:20] [INFO] [DEBUG] Starting load of PartyManagerImpl at 1757036360785
[25-09-05 01:39:20] [INFO] [DEBUG] PartyManagerImpl has been loaded. (took 1ms)
[25-09-05 01:39:20] [INFO] [DEBUG] Starting load of KitManagerImpl at 1757036360786
[25-09-05 01:39:20] [INFO] [DEBUG] onDisable start -> 1757036360789

[25-09-05 01:39:20] [INFO] [DEBUG] Starting unload of PartyManagerImpl at 1757036360790
[25-09-05 01:39:20] [INFO] [DEBUG] PartyManagerImpl has been unloaded. (took 1ms)
[25-09-05 01:39:20] [INFO] [DEBUG] Starting unload of GuiListener at 1757036360791
[25-09-05 01:39:20] [INFO] [DEBUG] GuiListener has been unloaded. (took 0ms)
[25-09-05 01:39:20] [INFO] [DEBUG] Starting unload of UserManagerImpl at 1757036360791
[25-09-05 01:39:20] [INFO] [DEBUG] UserManagerImpl has been unloaded. (took 1ms)
[25-09-05 01:39:20] [INFO] [DEBUG] Starting unload of Lang at 1757036360792
[25-09-05 01:39:20] [INFO] [DEBUG] Lang has been unloaded. (took 0ms)
[25-09-05 01:39:20] [INFO] [DEBUG] Starting unload of Config at 1757036360792
[25-09-05 01:39:20] [INFO] [DEBUG] Config has been unloaded. (took 0ms)
[25-09-05 01:39:20] [INFO] [DEBUG] unload done (took 3ms)
[25-09-05 01:39:20] [INFO] [DEBUG] Log#clearSources done (took 0ms)
