[25-09-03 15:08:17] [INFO] [DEBUG] onEnable start -> 1756912097147

[25-09-03 15:08:17] [INFO] Using Economy Provider: com.earth2me.essentials.economy.vault.VaultEconomyProvider
[25-09-03 15:08:17] [INFO] [DEBUG] Starting load of Config at 1756912097259
[25-09-03 15:08:17] [INFO] [DEBUG] Config has been loaded. (took 33ms)
[25-09-03 15:08:17] [INFO] [DEBUG] Starting load of Lang at 1756912097292
[25-09-03 15:08:17] [INFO] [DEBUG] Lang has been loaded. (took 28ms)
[25-09-03 15:08:17] [INFO] [DEBUG] Starting load of UserManagerImpl at 1756912097321
[25-09-03 15:08:17] [INFO] [DEBUG] UserManagerImpl has been loaded. (took 2ms)
[25-09-03 15:08:17] [INFO] [DEBUG] Starting load of GuiListener at 1756912097323
[25-09-03 15:08:17] [INFO] [DEBUG] GuiListener has been loaded. (took 0ms)
[25-09-03 15:08:17] [INFO] [DEBUG] Starting load of PartyManagerImpl at 1756912097323
[25-09-03 15:08:17] [INFO] [DEBUG] PartyManagerImpl has been loaded. (took 1ms)
[25-09-03 15:08:17] [INFO] [DEBUG] Starting load of KitManagerImpl at 1756912097324
[25-09-03 15:08:17] [INFO] [DEBUG] onDisable start -> 1756912097331

[25-09-03 15:08:17] [INFO] [DEBUG] Starting unload of PartyManagerImpl at 1756912097333
[25-09-03 15:08:17] [INFO] [DEBUG] PartyManagerImpl has been unloaded. (took 4ms)
[25-09-03 15:08:17] [INFO] [DEBUG] Starting unload of GuiListener at 1756912097338
[25-09-03 15:08:17] [INFO] [DEBUG] GuiListener has been unloaded. (took 1ms)
[25-09-03 15:08:17] [INFO] [DEBUG] Starting unload of UserManagerImpl at 1756912097339
[25-09-03 15:08:17] [INFO] [DEBUG] UserManagerImpl has been unloaded. (took 0ms)
[25-09-03 15:08:17] [INFO] [DEBUG] Starting unload of Lang at 1756912097339
[25-09-03 15:08:17] [INFO] [DEBUG] Lang has been unloaded. (took 0ms)
[25-09-03 15:08:17] [INFO] [DEBUG] Starting unload of Config at 1756912097339
[25-09-03 15:08:17] [INFO] [DEBUG] Config has been unloaded. (took 0ms)
[25-09-03 15:08:17] [INFO] [DEBUG] unload done (took 8ms)
[25-09-03 15:08:17] [INFO] [DEBUG] Log#clearSources done (took 0ms)
[25-09-03 15:10:42] [INFO] [DEBUG] onEnable start -> 1756912242773

[25-09-03 15:10:42] [INFO] Using Economy Provider: com.earth2me.essentials.economy.vault.VaultEconomyProvider
[25-09-03 15:10:42] [INFO] [DEBUG] Starting load of Config at 1756912242859
[25-09-03 15:10:42] [INFO] [DEBUG] Config has been loaded. (took 26ms)
[25-09-03 15:10:42] [INFO] [DEBUG] Starting load of Lang at 1756912242885
[25-09-03 15:10:42] [INFO] [DEBUG] Lang has been loaded. (took 19ms)
[25-09-03 15:10:42] [INFO] [DEBUG] Starting load of UserManagerImpl at 1756912242904
[25-09-03 15:10:42] [INFO] [DEBUG] UserManagerImpl has been loaded. (took 2ms)
[25-09-03 15:10:42] [INFO] [DEBUG] Starting load of GuiListener at 1756912242906
[25-09-03 15:10:42] [INFO] [DEBUG] GuiListener has been loaded. (took 0ms)
[25-09-03 15:10:42] [INFO] [DEBUG] Starting load of PartyManagerImpl at 1756912242906
[25-09-03 15:10:42] [INFO] [DEBUG] PartyManagerImpl has been loaded. (took 0ms)
[25-09-03 15:10:42] [INFO] [DEBUG] Starting load of KitManagerImpl at 1756912242906
[25-09-03 15:10:42] [INFO] [DEBUG] onDisable start -> 1756912242912

[25-09-03 15:10:42] [INFO] [DEBUG] Starting unload of PartyManagerImpl at 1756912242914
[25-09-03 15:10:42] [INFO] [DEBUG] PartyManagerImpl has been unloaded. (took 0ms)
[25-09-03 15:10:42] [INFO] [DEBUG] Starting unload of GuiListener at 1756912242915
[25-09-03 15:10:42] [INFO] [DEBUG] GuiListener has been unloaded. (took 0ms)
[25-09-03 15:10:42] [INFO] [DEBUG] Starting unload of UserManagerImpl at 1756912242915
[25-09-03 15:10:42] [INFO] [DEBUG] UserManagerImpl has been unloaded. (took 1ms)
[25-09-03 15:10:42] [INFO] [DEBUG] Starting unload of Lang at 1756912242916
[25-09-03 15:10:42] [INFO] [DEBUG] Lang has been unloaded. (took 0ms)
[25-09-03 15:10:42] [INFO] [DEBUG] Starting unload of Config at 1756912242916
[25-09-03 15:10:42] [INFO] [DEBUG] Config has been unloaded. (took 1ms)
[25-09-03 15:10:42] [INFO] [DEBUG] unload done (took 5ms)
[25-09-03 15:10:42] [INFO] [DEBUG] Log#clearSources done (took 0ms)
[25-09-03 22:15:20] [INFO] [DEBUG] onEnable start -> 1756937720209

[25-09-03 22:15:20] [INFO] Using Economy Provider: com.earth2me.essentials.economy.vault.VaultEconomyProvider
[25-09-03 22:15:20] [INFO] [DEBUG] Starting load of Config at 1756937720284
[25-09-03 22:15:20] [INFO] [DEBUG] Config has been loaded. (took 23ms)
[25-09-03 22:15:20] [INFO] [DEBUG] Starting load of Lang at 1756937720307
[25-09-03 22:15:20] [INFO] [DEBUG] Lang has been loaded. (took 33ms)
[25-09-03 22:15:20] [INFO] [DEBUG] Starting load of UserManagerImpl at 1756937720340
[25-09-03 22:15:20] [INFO] [DEBUG] UserManagerImpl has been loaded. (took 2ms)
[25-09-03 22:15:20] [INFO] [DEBUG] Starting load of GuiListener at 1756937720342
[25-09-03 22:15:20] [INFO] [DEBUG] GuiListener has been loaded. (took 0ms)
[25-09-03 22:15:20] [INFO] [DEBUG] Starting load of PartyManagerImpl at 1756937720342
[25-09-03 22:15:20] [INFO] [DEBUG] PartyManagerImpl has been loaded. (took 0ms)
[25-09-03 22:15:20] [INFO] [DEBUG] Starting load of KitManagerImpl at 1756937720342
[25-09-03 22:15:20] [INFO] [DEBUG] onDisable start -> 1756937720348

[25-09-03 22:15:20] [INFO] [DEBUG] Starting unload of PartyManagerImpl at 1756937720350
[25-09-03 22:15:20] [INFO] [DEBUG] PartyManagerImpl has been unloaded. (took 1ms)
[25-09-03 22:15:20] [INFO] [DEBUG] Starting unload of GuiListener at 1756937720352
[25-09-03 22:15:20] [INFO] [DEBUG] GuiListener has been unloaded. (took 0ms)
[25-09-03 22:15:20] [INFO] [DEBUG] Starting unload of UserManagerImpl at 1756937720352
[25-09-03 22:15:20] [INFO] [DEBUG] UserManagerImpl has been unloaded. (took 3ms)
[25-09-03 22:15:20] [INFO] [DEBUG] Starting unload of Lang at 1756937720355
[25-09-03 22:15:20] [INFO] [DEBUG] Lang has been unloaded. (took 0ms)
[25-09-03 22:15:20] [INFO] [DEBUG] Starting unload of Config at 1756937720355
[25-09-03 22:15:20] [INFO] [DEBUG] Config has been unloaded. (took 0ms)
[25-09-03 22:15:20] [INFO] [DEBUG] unload done (took 7ms)
[25-09-03 22:15:20] [INFO] [DEBUG] Log#clearSources done (took 0ms)
