[25-09-04 00:59:07] [INFO] [DEBUG] onEnable start -> 1756947547091

[25-09-04 00:59:07] [INFO] Using Economy Provider: com.earth2me.essentials.economy.vault.VaultEconomyProvider
[25-09-04 00:59:07] [INFO] [DEBUG] Starting load of Config at 1756947547149
[25-09-04 00:59:07] [INFO] [DEBUG] Config has been loaded. (took 16ms)
[25-09-04 00:59:07] [INFO] [DEBUG] Starting load of Lang at 1756947547165
[25-09-04 00:59:07] [INFO] [DEBUG] Lang has been loaded. (took 16ms)
[25-09-04 00:59:07] [INFO] [DEBUG] Starting load of UserManagerImpl at 1756947547181
[25-09-04 00:59:07] [INFO] [DEBUG] UserManagerImpl has been loaded. (took 1ms)
[25-09-04 00:59:07] [INFO] [DEBUG] Starting load of GuiListener at 1756947547182
[25-09-04 00:59:07] [INFO] [DEBUG] GuiListener has been loaded. (took 0ms)
[25-09-04 00:59:07] [INFO] [DEBUG] Starting load of PartyManagerImpl at 1756947547182
[25-09-04 00:59:07] [INFO] [DEBUG] PartyManagerImpl has been loaded. (took 0ms)
[25-09-04 00:59:07] [INFO] [DEBUG] Starting load of KitManagerImpl at 1756947547182
[25-09-04 00:59:07] [INFO] [DEBUG] onDisable start -> 1756947547186

[25-09-04 00:59:07] [INFO] [DEBUG] Starting unload of PartyManagerImpl at 1756947547187
[25-09-04 00:59:07] [INFO] [DEBUG] PartyManagerImpl has been unloaded. (took 1ms)
[25-09-04 00:59:07] [INFO] [DEBUG] Starting unload of GuiListener at 1756947547188
[25-09-04 00:59:07] [INFO] [DEBUG] GuiListener has been unloaded. (took 0ms)
[25-09-04 00:59:07] [INFO] [DEBUG] Starting unload of UserManagerImpl at 1756947547188
[25-09-04 00:59:07] [INFO] [DEBUG] UserManagerImpl has been unloaded. (took 0ms)
[25-09-04 00:59:07] [INFO] [DEBUG] Starting unload of Lang at 1756947547188
[25-09-04 00:59:07] [INFO] [DEBUG] Lang has been unloaded. (took 0ms)
[25-09-04 00:59:07] [INFO] [DEBUG] Starting unload of Config at 1756947547188
[25-09-04 00:59:07] [INFO] [DEBUG] Config has been unloaded. (took 0ms)
[25-09-04 00:59:07] [INFO] [DEBUG] unload done (took 2ms)
[25-09-04 00:59:07] [INFO] [DEBUG] Log#clearSources done (took 0ms)
[25-09-04 01:20:29] [INFO] [DEBUG] onEnable start -> 1756948829107

[25-09-04 01:20:29] [INFO] Using Economy Provider: com.earth2me.essentials.economy.vault.VaultEconomyProvider
[25-09-04 01:20:29] [INFO] [DEBUG] Starting load of Config at 1756948829160
[25-09-04 01:20:29] [INFO] [DEBUG] Config has been loaded. (took 14ms)
[25-09-04 01:20:29] [INFO] [DEBUG] Starting load of Lang at 1756948829174
[25-09-04 01:20:29] [INFO] [DEBUG] Lang has been loaded. (took 17ms)
[25-09-04 01:20:29] [INFO] [DEBUG] Starting load of UserManagerImpl at 1756948829191
[25-09-04 01:20:29] [INFO] [DEBUG] UserManagerImpl has been loaded. (took 1ms)
[25-09-04 01:20:29] [INFO] [DEBUG] Starting load of GuiListener at 1756948829192
[25-09-04 01:20:29] [INFO] [DEBUG] GuiListener has been loaded. (took 0ms)
[25-09-04 01:20:29] [INFO] [DEBUG] Starting load of PartyManagerImpl at 1756948829192
[25-09-04 01:20:29] [INFO] [DEBUG] PartyManagerImpl has been loaded. (took 0ms)
[25-09-04 01:20:29] [INFO] [DEBUG] Starting load of KitManagerImpl at 1756948829192
[25-09-04 01:20:29] [INFO] [DEBUG] onDisable start -> 1756948829195

[25-09-04 01:20:29] [INFO] [DEBUG] Starting unload of PartyManagerImpl at 1756948829196
[25-09-04 01:20:29] [INFO] [DEBUG] PartyManagerImpl has been unloaded. (took 1ms)
[25-09-04 01:20:29] [INFO] [DEBUG] Starting unload of GuiListener at 1756948829197
[25-09-04 01:20:29] [INFO] [DEBUG] GuiListener has been unloaded. (took 0ms)
[25-09-04 01:20:29] [INFO] [DEBUG] Starting unload of UserManagerImpl at 1756948829197
[25-09-04 01:20:29] [INFO] [DEBUG] UserManagerImpl has been unloaded. (took 0ms)
[25-09-04 01:20:29] [INFO] [DEBUG] Starting unload of Lang at 1756948829197
[25-09-04 01:20:29] [INFO] [DEBUG] Lang has been unloaded. (took 0ms)
[25-09-04 01:20:29] [INFO] [DEBUG] Starting unload of Config at 1756948829197
[25-09-04 01:20:29] [INFO] [DEBUG] Config has been unloaded. (took 0ms)
[25-09-04 01:20:29] [INFO] [DEBUG] unload done (took 2ms)
[25-09-04 01:20:29] [INFO] [DEBUG] Log#clearSources done (took 0ms)
[25-09-04 18:31:37] [INFO] [DEBUG] onEnable start -> 1757010697978

[25-09-04 18:31:38] [INFO] Using Economy Provider: com.earth2me.essentials.economy.vault.VaultEconomyProvider
[25-09-04 18:31:38] [INFO] [DEBUG] Starting load of Config at 1757010698036
[25-09-04 18:31:38] [INFO] [DEBUG] Config has been loaded. (took 13ms)
[25-09-04 18:31:38] [INFO] [DEBUG] Starting load of Lang at 1757010698049
[25-09-04 18:31:38] [INFO] [DEBUG] Lang has been loaded. (took 15ms)
[25-09-04 18:31:38] [INFO] [DEBUG] Starting load of UserManagerImpl at 1757010698064
[25-09-04 18:31:38] [INFO] [DEBUG] UserManagerImpl has been loaded. (took 1ms)
[25-09-04 18:31:38] [INFO] [DEBUG] Starting load of GuiListener at 1757010698065
[25-09-04 18:31:38] [INFO] [DEBUG] GuiListener has been loaded. (took 0ms)
[25-09-04 18:31:38] [INFO] [DEBUG] Starting load of PartyManagerImpl at 1757010698065
[25-09-04 18:31:38] [INFO] [DEBUG] PartyManagerImpl has been loaded. (took 1ms)
[25-09-04 18:31:38] [INFO] [DEBUG] Starting load of KitManagerImpl at 1757010698066
[25-09-04 18:31:38] [INFO] [DEBUG] onDisable start -> 1757010698069

[25-09-04 18:31:38] [INFO] [DEBUG] Starting unload of PartyManagerImpl at 1757010698070
[25-09-04 18:31:38] [INFO] [DEBUG] PartyManagerImpl has been unloaded. (took 1ms)
[25-09-04 18:31:38] [INFO] [DEBUG] Starting unload of GuiListener at 1757010698071
[25-09-04 18:31:38] [INFO] [DEBUG] GuiListener has been unloaded. (took 0ms)
[25-09-04 18:31:38] [INFO] [DEBUG] Starting unload of UserManagerImpl at 1757010698071
[25-09-04 18:31:38] [INFO] [DEBUG] UserManagerImpl has been unloaded. (took 0ms)
[25-09-04 18:31:38] [INFO] [DEBUG] Starting unload of Lang at 1757010698072
[25-09-04 18:31:38] [INFO] [DEBUG] Lang has been unloaded. (took 0ms)
[25-09-04 18:31:38] [INFO] [DEBUG] Starting unload of Config at 1757010698072
[25-09-04 18:31:38] [INFO] [DEBUG] Config has been unloaded. (took 0ms)
[25-09-04 18:31:38] [INFO] [DEBUG] unload done (took 3ms)
[25-09-04 18:31:38] [INFO] [DEBUG] Log#clearSources done (took 0ms)
[25-09-04 18:32:52] [INFO] [DEBUG] onEnable start -> 1757010772542

[25-09-04 18:32:52] [INFO] Using Economy Provider: com.earth2me.essentials.economy.vault.VaultEconomyProvider
[25-09-04 18:32:52] [INFO] [DEBUG] Starting load of Config at 1757010772601
[25-09-04 18:32:52] [INFO] [DEBUG] Config has been loaded. (took 14ms)
[25-09-04 18:32:52] [INFO] [DEBUG] Starting load of Lang at 1757010772616
[25-09-04 18:32:52] [INFO] [DEBUG] Lang has been loaded. (took 15ms)
[25-09-04 18:32:52] [INFO] [DEBUG] Starting load of UserManagerImpl at 1757010772631
[25-09-04 18:32:52] [INFO] [DEBUG] UserManagerImpl has been loaded. (took 1ms)
[25-09-04 18:32:52] [INFO] [DEBUG] Starting load of GuiListener at 1757010772632
[25-09-04 18:32:52] [INFO] [DEBUG] GuiListener has been loaded. (took 0ms)
[25-09-04 18:32:52] [INFO] [DEBUG] Starting load of PartyManagerImpl at 1757010772632
[25-09-04 18:32:52] [INFO] [DEBUG] PartyManagerImpl has been loaded. (took 0ms)
[25-09-04 18:32:52] [INFO] [DEBUG] Starting load of KitManagerImpl at 1757010772632
[25-09-04 18:32:52] [INFO] [DEBUG] onDisable start -> 1757010772636

[25-09-04 18:32:52] [INFO] [DEBUG] Starting unload of PartyManagerImpl at 1757010772637
[25-09-04 18:32:52] [INFO] [DEBUG] PartyManagerImpl has been unloaded. (took 1ms)
[25-09-04 18:32:52] [INFO] [DEBUG] Starting unload of GuiListener at 1757010772638
[25-09-04 18:32:52] [INFO] [DEBUG] GuiListener has been unloaded. (took 0ms)
[25-09-04 18:32:52] [INFO] [DEBUG] Starting unload of UserManagerImpl at 1757010772638
[25-09-04 18:32:52] [INFO] [DEBUG] UserManagerImpl has been unloaded. (took 0ms)
[25-09-04 18:32:52] [INFO] [DEBUG] Starting unload of Lang at 1757010772639
[25-09-04 18:32:52] [INFO] [DEBUG] Lang has been unloaded. (took 0ms)
[25-09-04 18:32:52] [INFO] [DEBUG] Starting unload of Config at 1757010772639
[25-09-04 18:32:52] [INFO] [DEBUG] Config has been unloaded. (took 0ms)
[25-09-04 18:32:52] [INFO] [DEBUG] unload done (took 3ms)
[25-09-04 18:32:52] [INFO] [DEBUG] Log#clearSources done (took 0ms)
