[17:56:42] [Server thread/INFO]: Starting minecraft server version 1.12.2
[17:56:42] [Server thread/INFO]: Loading properties
[17:56:42] [Server thread/INFO]: Default game type: SURVIVAL
[17:56:42] [Server thread/INFO]: This server is running Paper version git-Paper-1620 (MC: 1.12.2) (Implementing API version 1.12.2-R0.1-SNAPSHOT)
[17:56:42] [Server thread/INFO]: Debug logging is disabled
[17:56:42] [Server thread/INFO]: Server Ping Player Sample Count: 12
[17:56:43] [Server thread/INFO]: Using 4 threads for Netty based IO
[17:56:43] [Server thread/INFO]: Generating keypair
[17:56:43] [Server thread/INFO]: Starting Minecraft server on localhost:25565
[17:56:43] [Server thread/INFO]: Using default channel type
[17:56:43] [Server thread/INFO]: Set PluginClassLoader as parallel capable
[17:56:43] [Server thread/INFO]: [SimpleTpa] Loading SimpleTpa v6.4
[17:56:43] [Server thread/INFO]: [SimpleHomes] Loading SimpleHomes v2.2
[17:56:43] [Server thread/INFO]: [WorldEdit] Loading WorldEdit v6.1;no_git_id
[17:56:43] [Server thread/INFO]: [Magic] Loading Magic v9.0-SNAPSHOT-31c848c
[17:56:44] [Server thread/INFO]: [Magic] Loading legacy compatibility layer for server version 1.12.0
[17:56:44] [Server thread/WARN]: [Magic] [33m Player.openBook method not found, BookAction can't show virtual books[0m
[17:56:44] [Server thread/WARN]: [Magic] [33m Skull profile method not available, this is normal if you're on a legacy Minecraft version[0m
[17:56:44] [Server thread/WARN]: [Magic] [33m EntityTransformEvent not found, can't prevent mobs naturally transforming[0m
[17:56:44] [Server thread/WARN]: [Magic] [33m TimeSkipEvent not found, can't synchronize time between worlds[0m
[17:56:44] [Server thread/WARN]: [Magic] [33m Entity.persistentInvisibility field not found, invisibility may not reliably restore[0m
[17:56:44] [Server thread/WARN]: [Magic] [33m Use an updated version of Spigot for better knowledge book recipes[0m
[17:56:44] [Server thread/WARN]: [Magic] [33m Could not bind to chunk ticket API, chunk locking will not work[0m
[17:56:44] [Server thread/WARN]: [Magic] [33m No phantoms on this version[0m
[17:56:44] [Server thread/WARN]: [Magic] [33m Could not bind to persist entity tag, can't make mobs persistent[0m
[17:56:44] [Server thread/WARN]: [Magic] [33m Could not bind to selectEntities method, command target selectors may not work[0m
[17:56:44] [Server thread/WARN]: [Magic] [33m Couldn't find recipe removal method, this is odd since we did find NamespacedKey[0m
[17:56:44] [Server thread/WARN]: [Magic] [33m Couldn't find recipe discover method, this is odd since we did find NamespacedKey[0m
[17:56:44] [Server thread/WARN]: [Magic] [33m Could not bind to auto block state methods[0m
[17:56:44] [Server thread/INFO]: [Magic] Persistent metadata is not available, will rely on custom names to restore persistent magic mobs
[17:56:44] [Server thread/INFO]: [DecentHolograms] Loading DecentHolograms v2.8.3
[17:56:44] [Server thread/INFO]: [LoginSecurity] Loading LoginSecurity v3.2.0
[17:56:44] [Server thread/INFO]: [Holograms] Loading Holograms v1.0-SNAPSHOT
[17:56:44] [Server thread/INFO]: Server permissions file permissions.yml is empty, ignoring it
[17:56:44] [Server thread/INFO]: [Magic] Enabling Magic v9.0-SNAPSHOT-31c848c
[17:56:44] [Server thread/INFO]: [Magic] EffectLib initialized
[17:56:44] [Server thread/INFO]: [Magic]  Using compatibility configs: examples/1.12/config.yml
[17:56:44] [Server thread/INFO]: [Magic]  Using compatibility configs: examples/1.12/config.yml
[17:56:45] [Server thread/INFO]: [Magic]  Using compatibility configs: examples/1.12/materials.yml
[17:56:45] [Server thread/INFO]: [Magic]  Using compatibility configs: examples/1.12/spells.yml
[17:56:45] [Server thread/INFO]: [Magic]  Using compatibility configs: examples/1.12/wands.yml
[17:56:46] [Server thread/INFO]: [Magic]  Using compatibility configs: examples/1.12/items.yml
[17:56:46] [Server thread/INFO]: [Magic]  Using inherited compatibility configs: examples/1.12/crafting.yml
[17:56:46] [Server thread/INFO]: [Magic]  Using compatibility configs: examples/1.12/mobs.yml
[17:56:46] [Server thread/INFO]: [Magic] Loaded 0 attributes
[17:56:46] [Server thread/WARN]: [Magic] [33m Unknown entity type: fox in friendly_entity_types[0m
[17:56:46] [Server thread/WARN]: [Magic] [33m Unknown entity type: cat in friendly_entity_types[0m
[17:56:46] [Server thread/WARN]: [Magic] [33m Unknown entity type: strider in friendly_entity_types[0m
[17:56:46] [Server thread/INFO]: [Magic] Unknown container type in unstashable_containers list: barrel
[17:56:46] [Server thread/INFO]: [Magic] Unknown container type in unstashable_containers list: smoker
[17:56:46] [Server thread/INFO]: [Magic] Unknown container type in unstashable_containers list: blast_furnace
[17:56:46] [Server thread/INFO]: [Magic] Wand crafting is enabled
[17:56:46] [Server thread/INFO]: [Magic] Skin-based spell icons disabled
[17:56:46] [Server thread/INFO]: [Magic] Registered attributes: [bowpull, damage, damage_dealt, luck, weeks, target_hunger, location_x, location_y, target_mana, attack_damage, epoch, air, bowpower, degrees, knockback_resistance, seconds, location_z, target_air, target_mana_max, health_max, hours, target_luck, level, minutes, target_armor, health, fall_distance, target_air_max, hunger, play_time, target_health_max, moon, armor, air_max, mana, target_health, xp, target_location_x, mana_max, days, pi, target_location_y, target_knockback_resistance, target_location_z, time]
[17:56:46] [Server thread/INFO]: [Magic] Loaded 0 customized worlds
[17:56:46] [Server thread/INFO]: [Magic] Loaded 12 effect lists
[17:56:46] [Server thread/INFO]: [Magic] Loaded 1248 items
[17:56:46] [Server thread/INFO]: [Magic] Loaded 162 wands
[17:56:46] [Server thread/INFO]: [Magic] Loaded 2 kits
[17:56:46] [Server thread/INFO]: [Magic] Loaded 9 classes
[17:56:46] [Server thread/INFO]: [Magic] Loaded 3 classes
[17:56:46] [Server thread/WARN]: [Magic] [33m  Invalid entity type: drowned in mob config fireproof_drowned[0m
[17:56:46] [Server thread/WARN]: [Magic] [33m  Invalid entity type: drowned in mob config trident_drowned[0m
[17:56:46] [Server thread/INFO]: [Magic] Loaded 65 mob templates
[17:56:46] [Server thread/INFO]: [Magic] Loaded 6 automata templates
[17:56:46] [Server thread/INFO]: [Magic] Activated BStats
[17:56:46] [Server thread/INFO]: [Magic] MobArena not found
[17:56:46] [Server thread/INFO]: [Magic] LibsDisguises not found, magic mob disguises will not be available
[17:56:46] [Server thread/INFO]: [Magic] Vault not found, 'currency' cost types unavailable
[17:56:46] [Server thread/INFO]: Magic checking resource pack for updates: http://rp.elmakers.com/Magic-RP-7.zip
[17:56:46] [Server thread/WARN]: **** SERVER IS RUNNING IN OFFLINE/INSECURE MODE!
[17:56:46] [Server thread/WARN]: The server will make no attempt to authenticate usernames. Beware.
[17:56:46] [Server thread/WARN]: While this makes the game possible to play without internet access, it also opens up the ability for hackers to connect with any username they choose.
[17:56:46] [Server thread/WARN]: To change this, set "online-mode" to "true" in the server.properties file.
[17:56:46] [Server thread/INFO]: **** Beginning UUID conversion, this may take A LONG time ****
[17:56:46] [Server thread/INFO]: Preparing level "world"
[17:56:46] [Server thread/INFO]: -------- World Settings For [world] --------
[17:56:46] [Server thread/INFO]: Mob Spawn Range: 4
[17:56:46] [Server thread/INFO]: Custom Map Seeds:  Village: 10387312 Feature: 14357617 Monument: 10387313 Slime: 987234911
[17:56:46] [Server thread/INFO]: Max TNT Explosions: 100
[17:56:46] [Server thread/INFO]: Tile Max Tick Time: 50ms Entity max Tick Time: 50ms
[17:56:46] [Server thread/INFO]: Cactus Growth Modifier: 100%
[17:56:46] [Server thread/INFO]: Cane Growth Modifier: 100%
[17:56:46] [Server thread/INFO]: Melon Growth Modifier: 100%
[17:56:46] [Server thread/INFO]: Mushroom Growth Modifier: 100%
[17:56:46] [Server thread/INFO]: Pumpkin Growth Modifier: 100%
[17:56:46] [Server thread/INFO]: Sapling Growth Modifier: 100%
[17:56:46] [Server thread/INFO]: Wheat Growth Modifier: 100%
[17:56:46] [Server thread/INFO]: NetherWart Growth Modifier: 100%
[17:56:46] [Server thread/INFO]: Vine Growth Modifier: 100%
[17:56:46] [Server thread/INFO]: Cocoa Growth Modifier: 100%
[17:56:46] [Server thread/INFO]: Entity Activation Range: An 32 / Mo 32 / Mi 16 / Tiv true
[17:56:46] [Server thread/INFO]: Entity Tracking Range: Pl 48 / An 48 / Mo 48 / Mi 32 / Other 64
[17:56:46] [Server thread/INFO]: Hopper Transfer: 8 Hopper Check: 1 Hopper Amount: 1
[17:56:46] [Server thread/INFO]: Random Lighting Updates: false
[17:56:46] [Server thread/INFO]: Structure Info Saving: true
[17:56:46] [Server thread/INFO]: View Distance: 4
[17:56:46] [Server thread/INFO]: Item Despawn Rate: 6000
[17:56:46] [Server thread/INFO]: Item Merge Radius: 2.5
[17:56:46] [Server thread/INFO]: Arrow Despawn Rate: 1200
[17:56:46] [Server thread/INFO]: Allow Zombie Pigmen to spawn from portal blocks: true
[17:56:46] [Server thread/INFO]: Experience Merge Radius: 3.0
[17:56:46] [Server thread/INFO]: Zombie Aggressive Towards Villager: true
[17:56:46] [Server thread/INFO]: Nerfing mobs spawned from spawners: false
[17:56:47] [Server thread/INFO]: -------- World Settings For [world_nether] --------
[17:56:47] [Server thread/INFO]: Mob Spawn Range: 4
[17:56:47] [Server thread/INFO]: Custom Map Seeds:  Village: 10387312 Feature: 14357617 Monument: 10387313 Slime: 987234911
[17:56:47] [Server thread/INFO]: Max TNT Explosions: 100
[17:56:47] [Server thread/INFO]: Tile Max Tick Time: 50ms Entity max Tick Time: 50ms
[17:56:47] [Server thread/INFO]: Cactus Growth Modifier: 100%
[17:56:47] [Server thread/INFO]: Cane Growth Modifier: 100%
[17:56:47] [Server thread/INFO]: Melon Growth Modifier: 100%
[17:56:47] [Server thread/INFO]: Mushroom Growth Modifier: 100%
[17:56:47] [Server thread/INFO]: Pumpkin Growth Modifier: 100%
[17:56:47] [Server thread/INFO]: Sapling Growth Modifier: 100%
[17:56:47] [Server thread/INFO]: Wheat Growth Modifier: 100%
[17:56:47] [Server thread/INFO]: NetherWart Growth Modifier: 100%
[17:56:47] [Server thread/INFO]: Vine Growth Modifier: 100%
[17:56:47] [Server thread/INFO]: Cocoa Growth Modifier: 100%
[17:56:47] [Server thread/INFO]: Entity Activation Range: An 32 / Mo 32 / Mi 16 / Tiv true
[17:56:47] [Server thread/INFO]: Entity Tracking Range: Pl 48 / An 48 / Mo 48 / Mi 32 / Other 64
[17:56:47] [Server thread/INFO]: Hopper Transfer: 8 Hopper Check: 1 Hopper Amount: 1
[17:56:47] [Server thread/INFO]: Random Lighting Updates: false
[17:56:47] [Server thread/INFO]: Structure Info Saving: true
[17:56:47] [Server thread/INFO]: View Distance: 4
[17:56:47] [Server thread/INFO]: Item Despawn Rate: 6000
[17:56:47] [Server thread/INFO]: Item Merge Radius: 2.5
[17:56:47] [Server thread/INFO]: Arrow Despawn Rate: 1200
[17:56:47] [Server thread/INFO]: Allow Zombie Pigmen to spawn from portal blocks: true
[17:56:47] [Server thread/INFO]: Experience Merge Radius: 3.0
[17:56:47] [Server thread/INFO]: Zombie Aggressive Towards Villager: true
[17:56:47] [Server thread/INFO]: Nerfing mobs spawned from spawners: false
[17:56:47] [Server thread/INFO]: -------- World Settings For [world_the_end] --------
[17:56:47] [Server thread/INFO]: Mob Spawn Range: 4
[17:56:47] [Server thread/INFO]: Custom Map Seeds:  Village: 10387312 Feature: 14357617 Monument: 10387313 Slime: 987234911
[17:56:47] [Server thread/INFO]: Max TNT Explosions: 100
[17:56:47] [Server thread/INFO]: Tile Max Tick Time: 50ms Entity max Tick Time: 50ms
[17:56:47] [Server thread/INFO]: Cactus Growth Modifier: 100%
[17:56:47] [Server thread/INFO]: Cane Growth Modifier: 100%
[17:56:47] [Server thread/INFO]: Melon Growth Modifier: 100%
[17:56:47] [Server thread/INFO]: Mushroom Growth Modifier: 100%
[17:56:47] [Server thread/INFO]: Pumpkin Growth Modifier: 100%
[17:56:47] [Server thread/INFO]: Sapling Growth Modifier: 100%
[17:56:47] [Server thread/INFO]: Wheat Growth Modifier: 100%
[17:56:47] [Server thread/INFO]: NetherWart Growth Modifier: 100%
[17:56:47] [Server thread/INFO]: Vine Growth Modifier: 100%
[17:56:47] [Server thread/INFO]: Cocoa Growth Modifier: 100%
[17:56:47] [Server thread/INFO]: Entity Activation Range: An 32 / Mo 32 / Mi 16 / Tiv true
[17:56:47] [Server thread/INFO]: Entity Tracking Range: Pl 48 / An 48 / Mo 48 / Mi 32 / Other 64
[17:56:47] [Server thread/INFO]: Hopper Transfer: 8 Hopper Check: 1 Hopper Amount: 1
[17:56:47] [Server thread/INFO]: Random Lighting Updates: false
[17:56:47] [Server thread/INFO]: Structure Info Saving: true
[17:56:47] [Server thread/INFO]: View Distance: 4
[17:56:47] [Server thread/INFO]: Item Despawn Rate: 6000
[17:56:47] [Server thread/INFO]: Item Merge Radius: 2.5
[17:56:47] [Server thread/INFO]: Arrow Despawn Rate: 1200
[17:56:47] [Server thread/INFO]: Allow Zombie Pigmen to spawn from portal blocks: true
[17:56:47] [Server thread/INFO]: Experience Merge Radius: 3.0
[17:56:47] [Server thread/INFO]: Zombie Aggressive Towards Villager: true
[17:56:47] [Server thread/INFO]: Nerfing mobs spawned from spawners: false
[17:56:47] [Server thread/INFO]: Preparing start region for level 0 (Seed: 2271987458253385624)
[17:56:48] [Server thread/INFO]: Preparing start region for level 1 (Seed: 2271987458253385624)
[17:56:48] [Server thread/INFO]: Preparing start region for level 2 (Seed: 2271987458253385624)
[17:56:48] [Server thread/INFO]: [SimpleTpa] Enabling SimpleTpa v6.4
[17:56:48] [Server thread/INFO]: [SimpleTpa] If you need support contact me at https://discord.gg/SZUkza9
[17:56:48] [Server thread/INFO]: [SimpleTpa] Simple Tpa has been enabled on version 6.4
[17:56:48] [Server thread/INFO]: Enabled metrics. You may opt-out by changing plugins/bStats/config.yml
[17:56:48] [Server thread/INFO]: [SimpleHomes] Enabling SimpleHomes v2.2
[17:56:48] [Server thread/INFO]: [WorldEdit] Enabling WorldEdit v6.1;no_git_id
[17:56:48] [Server thread/INFO]: WEPIF: Using the Bukkit Permissions API.
[17:56:48] [Server thread/WARN]: [WorldEdit] 
**********************************************
** This WorldEdit version does not fully support your version of Bukkit.
**
** When working with blocks or undoing, chests will be empty, signs
** will be blank, and so on. There will be no support for entity
** and biome-related functions.
**
** Please see http://wiki.sk89q.com/wiki/WorldEdit/Bukkit_adapters
**********************************************

[17:56:48] [Server thread/INFO]: [DecentHolograms] Enabling DecentHolograms v2.8.3
[17:56:48] [Server thread/INFO]: [LoginSecurity] Enabling LoginSecurity v3.2.0
[17:56:48] [Server thread/INFO]: [LoginSecurity] Loading base translations from "en_us"
[17:56:48] [Server thread/INFO]: [LoginSecurity] Loading specified translations from "en_us"
[17:56:49] [Server thread/INFO]: [LoginSecurity] Registering commands...
[17:56:49] [Server thread/INFO]: [LoginSecurity] Registering listeners...
[17:56:49] [Server thread/INFO]: [Holograms] Enabling Holograms v1.0-SNAPSHOT
[17:56:49] [Server thread/INFO]: Done (2.577s)! For help, type "help" or "?"
[17:56:49] [Server thread/INFO]: Timings Reset
[17:56:49] [Craft Scheduler Thread - 2/INFO]: [DecentHolograms] Loading holograms... 
[17:56:49] [Server thread/INFO]: [Magic] Registered currencies: item,mana,xp,health,currency,sp,levels,hunger
[17:56:49] [Craft Scheduler Thread - 2/INFO]: [DecentHolograms] Loaded 2 holograms!
[17:56:49] [Server thread/WARN]: [Magic] [33m Unknown particle type bubble_column_up[0m
[17:56:49] [Server thread/WARN]: [Magic] [33m Unknown particle type bubble_pop[0m
[17:56:49] [Server thread/WARN]: [Magic] [33m Unknown particle type flash[0m
[17:56:50] [Server thread/WARN]: [Magic] [33m Unknown particle type campfire_signal_smoke[0m
[17:56:50] [Server thread/WARN]: [Magic] [33m Unknown particle type campfire_cosy_smoke[0m
[17:56:50] [Server thread/WARN]: [Magic] [33m Unknown particle type campfire_signal_smoke[0m
[17:56:50] [Server thread/WARN]: [Magic] [33m Unknown particle type campfire_cosy_smoke[0m
[17:56:50] [Server thread/WARN]: [Magic] [33m Unknown particle type soul_fire_flame[0m
[17:56:50] [Server thread/WARN]: [Magic] [33m Unknown particle type bubble_pop[0m
[17:56:50] [Server thread/WARN]: [Magic] [33m Unknown particle type bubble_pop[0m
[17:56:50] [Server thread/WARN]: [Magic] [33m Unknown particle type soul_fire_flame[0m
[17:56:50] [Server thread/WARN]: [Magic] [33m Unknown particle type soul[0m
[17:56:50] [Server thread/WARN]: [Magic] [33m Unknown particle type soul_fire_flame[0m
[17:56:50] [Server thread/WARN]: [Magic] [33m Unknown particle type bubble_pop[0m
[17:56:50] [Server thread/WARN]: [Magic] [33m Unknown particle type bubble_pop[0m
[17:56:50] [Server thread/WARN]: [Magic] [33m Unknown particle type soul_fire_flame[0m
[17:56:50] [Server thread/WARN]: [Magic] [33m Unknown particle type soul[0m
[17:56:50] [Server thread/WARN]: [Magic] [33m Unknown particle type soul_fire_flame[0m
[17:56:50] [Server thread/WARN]: [Magic] [33m Unknown particle type bubble_pop[0m
[17:56:50] [Server thread/WARN]: [Magic] [33m Unknown particle type bubble_pop[0m
[17:56:50] [Server thread/WARN]: [Magic] [33m Unknown particle type soul_fire_flame[0m
[17:56:50] [Server thread/WARN]: [Magic] [33m Unknown particle type soul[0m
[17:56:50] [Server thread/WARN]: [Magic] [33m Unknown particle type soul_fire_flame[0m
[17:56:50] [Server thread/WARN]: [Magic] [33m Unknown particle type bubble_pop[0m
[17:56:50] [Server thread/WARN]: [Magic] [33m Unknown particle type bubble_pop[0m
[17:56:50] [Server thread/WARN]: [Magic] [33m Unknown particle type soul_fire_flame[0m
[17:56:50] [Server thread/WARN]: [Magic] [33m Unknown particle type soul[0m
[17:56:50] [Server thread/INFO]: [Magic] Loaded 526 spells
[17:56:50] [Server thread/INFO]: [Magic] Loaded 12 progression paths
[17:56:50] [Server thread/INFO]: [Magic] Loaded 32 crafting recipes
[17:56:50] [Server thread/INFO]: [Magic] LogBlock not found
[17:56:50] [Server thread/INFO]: [Magic] Factions not found
[17:56:50] [Server thread/INFO]: [Magic] WorldGuard not found, region protection and pvp checks will not be used.
[17:56:50] [Server thread/INFO]: [Magic] Towny not found, region protection and pvp checks will not be used.
[17:56:50] [Server thread/INFO]: [Magic] Lockette nor LockettePro found, will not integrate.
[17:56:50] [Server thread/INFO]: [Magic] GriefPrevention not found, claim protection will not be used.
[17:56:50] [Server thread/INFO]: [Magic] NoCheatPlus not found, will not integrate.
[17:56:50] [Server thread/INFO]: [Magic] dynmap not found, not integrating.
[17:56:50] [Server thread/INFO]: [Magic] Citizens not found, Magic trait unavailable.
[17:56:50] [Server thread/INFO]: [Magic] LightAPI not found, Light action will not work
[17:56:50] [Server thread/INFO]: [Magic] Finished loading configuration
[17:56:50] [Server thread/INFO]: [Magic] Loading image map data from imagemaps.yml
[17:56:50] [Server thread/INFO]: [Magic] Loaded 0 image maps
[17:56:50] [Server thread/INFO]: [Magic] Finished loading data.
[17:56:50] [Server thread/INFO]: Resource pack has not changed, using hash XXwMvDZbIpjdKdbSWZPDNBLHxIk= (1614208353000 <= 1614208353000)
[17:56:50] [Craft Scheduler Thread - 3/INFO]: [SimpleTpa] There is a new update available.
[17:56:50] [Craft Scheduler Thread - 3/INFO]: [SimpleTpa] There is a new update available:
[17:56:50] [Craft Scheduler Thread - 3/INFO]: [SimpleTpa] https://www.spigotmc.org/resources/simple-tpa.64270/
[17:56:51] [Craft Scheduler Thread - 4/INFO]: 
A newer version of DecentHolograms is available. Download it from: https://www.spigotmc.org/resources/96927/
[18:01:39] [Server thread/INFO]: CONSOLE: Please note that this command is not supported and may cause issues when using some plugins.
[18:01:39] [Server thread/INFO]: CONSOLE: If you encounter any issues please use the /stop command to restart your server.
[18:01:39] [Server thread/INFO]: Debug logging is disabled
[18:01:39] [Server thread/INFO]: Server Ping Player Sample Count: 12
[18:01:39] [Server thread/INFO]: Using 4 threads for Netty based IO
[18:01:39] [Server thread/INFO]: -------- World Settings For [world] --------
[18:01:39] [Server thread/INFO]: Mob Spawn Range: 4
[18:01:39] [Server thread/INFO]: Custom Map Seeds:  Village: 10387312 Feature: 14357617 Monument: 10387313 Slime: 987234911
[18:01:39] [Server thread/INFO]: Max TNT Explosions: 100
[18:01:39] [Server thread/INFO]: Tile Max Tick Time: 50ms Entity max Tick Time: 50ms
[18:01:39] [Server thread/INFO]: Cactus Growth Modifier: 100%
[18:01:39] [Server thread/INFO]: Cane Growth Modifier: 100%
[18:01:39] [Server thread/INFO]: Melon Growth Modifier: 100%
[18:01:39] [Server thread/INFO]: Mushroom Growth Modifier: 100%
[18:01:39] [Server thread/INFO]: Pumpkin Growth Modifier: 100%
[18:01:39] [Server thread/INFO]: Sapling Growth Modifier: 100%
[18:01:39] [Server thread/INFO]: Wheat Growth Modifier: 100%
[18:01:39] [Server thread/INFO]: NetherWart Growth Modifier: 100%
[18:01:39] [Server thread/INFO]: Vine Growth Modifier: 100%
[18:01:39] [Server thread/INFO]: Cocoa Growth Modifier: 100%
[18:01:39] [Server thread/INFO]: Entity Activation Range: An 32 / Mo 32 / Mi 16 / Tiv true
[18:01:39] [Server thread/INFO]: Entity Tracking Range: Pl 48 / An 48 / Mo 48 / Mi 32 / Other 64
[18:01:39] [Server thread/INFO]: Hopper Transfer: 8 Hopper Check: 1 Hopper Amount: 1
[18:01:39] [Server thread/INFO]: Random Lighting Updates: false
[18:01:39] [Server thread/INFO]: Structure Info Saving: true
[18:01:39] [Server thread/INFO]: View Distance: 4
[18:01:39] [Server thread/INFO]: Item Despawn Rate: 6000
[18:01:39] [Server thread/INFO]: Item Merge Radius: 2.5
[18:01:39] [Server thread/INFO]: Arrow Despawn Rate: 1200
[18:01:39] [Server thread/INFO]: Allow Zombie Pigmen to spawn from portal blocks: true
[18:01:39] [Server thread/INFO]: Experience Merge Radius: 3.0
[18:01:39] [Server thread/INFO]: Zombie Aggressive Towards Villager: true
[18:01:39] [Server thread/INFO]: Nerfing mobs spawned from spawners: false
[18:01:39] [Server thread/INFO]: -------- World Settings For [world_nether] --------
[18:01:39] [Server thread/INFO]: Mob Spawn Range: 4
[18:01:39] [Server thread/INFO]: Custom Map Seeds:  Village: 10387312 Feature: 14357617 Monument: 10387313 Slime: 987234911
[18:01:39] [Server thread/INFO]: Max TNT Explosions: 100
[18:01:39] [Server thread/INFO]: Tile Max Tick Time: 50ms Entity max Tick Time: 50ms
[18:01:39] [Server thread/INFO]: Cactus Growth Modifier: 100%
[18:01:39] [Server thread/INFO]: Cane Growth Modifier: 100%
[18:01:39] [Server thread/INFO]: Melon Growth Modifier: 100%
[18:01:39] [Server thread/INFO]: Mushroom Growth Modifier: 100%
[18:01:39] [Server thread/INFO]: Pumpkin Growth Modifier: 100%
[18:01:39] [Server thread/INFO]: Sapling Growth Modifier: 100%
[18:01:39] [Server thread/INFO]: Wheat Growth Modifier: 100%
[18:01:39] [Server thread/INFO]: NetherWart Growth Modifier: 100%
[18:01:39] [Server thread/INFO]: Vine Growth Modifier: 100%
[18:01:39] [Server thread/INFO]: Cocoa Growth Modifier: 100%
[18:01:39] [Server thread/INFO]: Entity Activation Range: An 32 / Mo 32 / Mi 16 / Tiv true
[18:01:39] [Server thread/INFO]: Entity Tracking Range: Pl 48 / An 48 / Mo 48 / Mi 32 / Other 64
[18:01:39] [Server thread/INFO]: Hopper Transfer: 8 Hopper Check: 1 Hopper Amount: 1
[18:01:39] [Server thread/INFO]: Random Lighting Updates: false
[18:01:39] [Server thread/INFO]: Structure Info Saving: true
[18:01:39] [Server thread/INFO]: View Distance: 4
[18:01:39] [Server thread/INFO]: Item Despawn Rate: 6000
[18:01:39] [Server thread/INFO]: Item Merge Radius: 2.5
[18:01:39] [Server thread/INFO]: Arrow Despawn Rate: 1200
[18:01:39] [Server thread/INFO]: Allow Zombie Pigmen to spawn from portal blocks: true
[18:01:39] [Server thread/INFO]: Experience Merge Radius: 3.0
[18:01:39] [Server thread/INFO]: Zombie Aggressive Towards Villager: true
[18:01:39] [Server thread/INFO]: Nerfing mobs spawned from spawners: false
[18:01:39] [Server thread/INFO]: -------- World Settings For [world_the_end] --------
[18:01:39] [Server thread/INFO]: Mob Spawn Range: 4
[18:01:39] [Server thread/INFO]: Custom Map Seeds:  Village: 10387312 Feature: 14357617 Monument: 10387313 Slime: 987234911
[18:01:39] [Server thread/INFO]: Max TNT Explosions: 100
[18:01:39] [Server thread/INFO]: Tile Max Tick Time: 50ms Entity max Tick Time: 50ms
[18:01:39] [Server thread/INFO]: Cactus Growth Modifier: 100%
[18:01:39] [Server thread/INFO]: Cane Growth Modifier: 100%
[18:01:39] [Server thread/INFO]: Melon Growth Modifier: 100%
[18:01:39] [Server thread/INFO]: Mushroom Growth Modifier: 100%
[18:01:39] [Server thread/INFO]: Pumpkin Growth Modifier: 100%
[18:01:39] [Server thread/INFO]: Sapling Growth Modifier: 100%
[18:01:39] [Server thread/INFO]: Wheat Growth Modifier: 100%
[18:01:39] [Server thread/INFO]: NetherWart Growth Modifier: 100%
[18:01:39] [Server thread/INFO]: Vine Growth Modifier: 100%
[18:01:39] [Server thread/INFO]: Cocoa Growth Modifier: 100%
[18:01:39] [Server thread/INFO]: Entity Activation Range: An 32 / Mo 32 / Mi 16 / Tiv true
[18:01:39] [Server thread/INFO]: Entity Tracking Range: Pl 48 / An 48 / Mo 48 / Mi 32 / Other 64
[18:01:39] [Server thread/INFO]: Hopper Transfer: 8 Hopper Check: 1 Hopper Amount: 1
[18:01:39] [Server thread/INFO]: Random Lighting Updates: false
[18:01:39] [Server thread/INFO]: Structure Info Saving: true
[18:01:39] [Server thread/INFO]: View Distance: 4
[18:01:39] [Server thread/INFO]: Item Despawn Rate: 6000
[18:01:39] [Server thread/INFO]: Item Merge Radius: 2.5
[18:01:39] [Server thread/INFO]: Arrow Despawn Rate: 1200
[18:01:39] [Server thread/INFO]: Allow Zombie Pigmen to spawn from portal blocks: true
[18:01:39] [Server thread/INFO]: Experience Merge Radius: 3.0
[18:01:39] [Server thread/INFO]: Zombie Aggressive Towards Villager: true
[18:01:39] [Server thread/INFO]: Nerfing mobs spawned from spawners: false
[18:01:39] [Server thread/INFO]: [Holograms] Disabling Holograms v1.0-SNAPSHOT
[18:01:39] [Server thread/INFO]: [LoginSecurity] Disabling LoginSecurity v3.2.0
[18:01:39] [Server thread/INFO]: [LoginSecurity] Waiting for queued tasks...
[18:01:39] [Server thread/INFO]: [LoginSecurity] ExecutorService shut down, ready to disable.
[18:01:39] [Server thread/INFO]: [DecentHolograms] Disabling DecentHolograms v2.8.3
[18:01:39] [Server thread/INFO]: [Magic] Disabling Magic v9.0-SNAPSHOT-31c848c
[18:01:39] [Server thread/INFO]: [WorldEdit] Disabling WorldEdit v6.1;no_git_id
[18:01:39] [Server thread/INFO]: [SimpleHomes] Disabling SimpleHomes v2.2
[18:01:39] [Server thread/INFO]: [SimpleTpa] Disabling SimpleTpa v6.4
[18:01:39] [Server thread/INFO]: [SimpleTpa] If you need support contact me at https://discord.gg/SZUkza9
[18:01:39] [Server thread/INFO]: [SimpleTpa] Simple Tpa has been disabled on version 6.4
[18:01:40] [Server thread/INFO]: [SimpleTpa] Loading SimpleTpa v6.4
[18:01:40] [Server thread/INFO]: [SimpleHomes] Loading SimpleHomes v2.2
[18:01:40] [Server thread/INFO]: [WorldEdit] Loading WorldEdit v6.1;no_git_id
[18:01:40] [Server thread/INFO]: [DecentHolograms] Loading DecentHolograms v2.8.3
[18:01:40] [Server thread/INFO]: [Vault] Loading Vault v1.7.3-b131
[18:01:40] [Server thread/INFO]: [LoginSecurity] Loading LoginSecurity v3.2.0
[18:01:40] [Server thread/INFO]: [Spawn] Loading Spawn v2.4.1
[18:01:40] [Server thread/INFO]: [Holograms] Loading Holograms v1.0-SNAPSHOT
[18:01:40] [Server thread/INFO]: [Essentials] Loading Essentials v2.21.0
[18:01:40] [Server thread/INFO]: [Magic] Loading Magic v9.0-SNAPSHOT-31c848c
[18:01:40] [Server thread/INFO]: [Magic] Loading legacy compatibility layer for server version 1.12.0
[18:01:40] [Server thread/WARN]: [Magic] [33m Player.openBook method not found, BookAction can't show virtual books[0m
[18:01:40] [Server thread/WARN]: [Magic] [33m Skull profile method not available, this is normal if you're on a legacy Minecraft version[0m
[18:01:40] [Server thread/WARN]: [Magic] [33m EntityTransformEvent not found, can't prevent mobs naturally transforming[0m
[18:01:40] [Server thread/WARN]: [Magic] [33m TimeSkipEvent not found, can't synchronize time between worlds[0m
[18:01:40] [Server thread/WARN]: [Magic] [33m Entity.persistentInvisibility field not found, invisibility may not reliably restore[0m
[18:01:40] [Server thread/WARN]: [Magic] [33m Use an updated version of Spigot for better knowledge book recipes[0m
[18:01:40] [Server thread/WARN]: [Magic] [33m Could not bind to chunk ticket API, chunk locking will not work[0m
[18:01:40] [Server thread/WARN]: [Magic] [33m No phantoms on this version[0m
[18:01:40] [Server thread/WARN]: [Magic] [33m Could not bind to persist entity tag, can't make mobs persistent[0m
[18:01:40] [Server thread/WARN]: [Magic] [33m Could not bind to selectEntities method, command target selectors may not work[0m
[18:01:40] [Server thread/WARN]: [Magic] [33m Couldn't find recipe removal method, this is odd since we did find NamespacedKey[0m
[18:01:40] [Server thread/WARN]: [Magic] [33m Couldn't find recipe discover method, this is odd since we did find NamespacedKey[0m
[18:01:40] [Server thread/WARN]: [Magic] [33m Could not bind to auto block state methods[0m
[18:01:40] [Server thread/INFO]: [Magic] Persistent metadata is not available, will rely on custom names to restore persistent magic mobs
[18:01:40] [Server thread/INFO]: Server permissions file permissions.yml is empty, ignoring it
[18:01:40] [Server thread/INFO]: [Vault] Enabling Vault v1.7.3-b131
[18:01:40] [Server thread/INFO]: [Vault] [Economy] Essentials Economy found: Waiting
[18:01:40] [Server thread/INFO]: [Vault] [Permission] SuperPermissions loaded as backup permission system.
[18:01:40] [Server thread/INFO]: [Vault] Enabled Version 1.7.3-b131
[18:01:40] [Server thread/INFO]: [Magic] Enabling Magic v9.0-SNAPSHOT-31c848c
[18:01:40] [Server thread/INFO]: [Magic] EffectLib initialized
[18:01:40] [Server thread/INFO]: [Magic]  Using compatibility configs: examples/1.12/config.yml
[18:01:40] [Server thread/INFO]: [Magic]  Using compatibility configs: examples/1.12/config.yml
[18:01:40] [Server thread/INFO]: [Magic]  Using compatibility configs: examples/1.12/materials.yml
[18:01:40] [Server thread/INFO]: [Magic]  Using compatibility configs: examples/1.12/spells.yml
[18:01:41] [Server thread/INFO]: [Magic]  Using compatibility configs: examples/1.12/wands.yml
[18:01:41] [Server thread/INFO]: [Magic]  Using compatibility configs: examples/1.12/items.yml
[18:01:41] [Server thread/INFO]: [Magic]  Using inherited compatibility configs: examples/1.12/crafting.yml
[18:01:41] [Server thread/INFO]: [Magic]  Using compatibility configs: examples/1.12/mobs.yml
[18:01:41] [Server thread/INFO]: [Magic] Loaded 0 attributes
[18:01:41] [Server thread/WARN]: [Magic] [33m Unknown entity type: fox in friendly_entity_types[0m
[18:01:41] [Server thread/WARN]: [Magic] [33m Unknown entity type: cat in friendly_entity_types[0m
[18:01:41] [Server thread/WARN]: [Magic] [33m Unknown entity type: strider in friendly_entity_types[0m
[18:01:41] [Server thread/INFO]: [Magic] Unknown container type in unstashable_containers list: barrel
[18:01:41] [Server thread/INFO]: [Magic] Unknown container type in unstashable_containers list: smoker
[18:01:41] [Server thread/INFO]: [Magic] Unknown container type in unstashable_containers list: blast_furnace
[18:01:41] [Server thread/INFO]: [Magic] Wand crafting is enabled
[18:01:41] [Server thread/INFO]: [Magic] Skin-based spell icons disabled
[18:01:41] [Server thread/INFO]: [Magic] Registered attributes: [bowpull, damage, damage_dealt, luck, weeks, target_hunger, location_x, location_y, target_mana, attack_damage, epoch, air, bowpower, degrees, knockback_resistance, seconds, location_z, target_air, target_mana_max, health_max, hours, target_luck, level, minutes, target_armor, health, fall_distance, target_air_max, hunger, play_time, target_health_max, moon, armor, air_max, mana, target_health, xp, target_location_x, mana_max, days, pi, target_location_y, target_knockback_resistance, target_location_z, time]
[18:01:41] [Server thread/INFO]: [Magic] Loaded 0 customized worlds
[18:01:41] [Server thread/INFO]: [Magic] Loaded 12 effect lists
[18:01:41] [Server thread/INFO]: [Magic] Loaded 1248 items
[18:01:41] [Server thread/INFO]: [Magic] Loaded 162 wands
[18:01:41] [Server thread/INFO]: [Magic] Loaded 2 kits
[18:01:41] [Server thread/INFO]: [Magic] Loaded 9 classes
[18:01:41] [Server thread/INFO]: [Magic] Loaded 3 classes
[18:01:41] [Server thread/WARN]: [Magic] [33m  Invalid entity type: drowned in mob config fireproof_drowned[0m
[18:01:41] [Server thread/WARN]: [Magic] [33m  Invalid entity type: drowned in mob config trident_drowned[0m
[18:01:41] [Server thread/INFO]: [Magic] Loaded 66 mob templates
[18:01:41] [Server thread/INFO]: [Magic] Loaded 6 automata templates
[18:01:41] [Server thread/INFO]: [Magic] Activated BStats
[18:01:41] [Server thread/INFO]: [Magic] MobArena not found
[18:01:41] [Server thread/INFO]: [Magic] LibsDisguises not found, magic mob disguises will not be available
[18:01:41] [Server thread/INFO]: [Magic] Vault found, 'currency' cost types available
[18:01:41] [Server thread/INFO]: Magic checking resource pack for updates: http://rp.elmakers.com/Magic-RP-7.zip
[18:01:41] [Server thread/INFO]: [SimpleTpa] Enabling SimpleTpa v6.4
[18:01:41] [Server thread/INFO]: [SimpleTpa] If you need support contact me at https://discord.gg/SZUkza9
[18:01:41] [Server thread/INFO]: [SimpleTpa] Simple Tpa has been enabled on version 6.4
[18:01:41] [Server thread/INFO]: Enabled metrics. You may opt-out by changing plugins/bStats/config.yml
[18:01:41] [Server thread/INFO]: [SimpleHomes] Enabling SimpleHomes v2.2
[18:01:41] [Server thread/INFO]: [WorldEdit] Enabling WorldEdit v6.1;no_git_id
[18:01:42] [Server thread/INFO]: WEPIF: Using the Bukkit Permissions API.
[18:01:42] [Server thread/WARN]: [WorldEdit] 
**********************************************
** This WorldEdit version does not fully support your version of Bukkit.
**
** When working with blocks or undoing, chests will be empty, signs
** will be blank, and so on. There will be no support for entity
** and biome-related functions.
**
** Please see http://wiki.sk89q.com/wiki/WorldEdit/Bukkit_adapters
**********************************************

[18:01:42] [Server thread/INFO]: [DecentHolograms] Enabling DecentHolograms v2.8.3
[18:01:42] [Server thread/INFO]: [LoginSecurity] Enabling LoginSecurity v3.2.0
[18:01:42] [Server thread/INFO]: [LoginSecurity] Loading base translations from "en_us"
[18:01:42] [Server thread/INFO]: [LoginSecurity] Loading specified translations from "en_us"
[18:01:42] [Server thread/INFO]: [LoginSecurity] Registering commands...
[18:01:42] [Server thread/INFO]: [LoginSecurity] Registering listeners...
[18:01:42] [Server thread/INFO]: [Spawn] Enabling Spawn v2.4.1
[18:01:42] [Server thread/INFO]: [Holograms] Enabling Holograms v1.0-SNAPSHOT
[18:01:42] [Server thread/INFO]: [Essentials] Enabling Essentials v2.21.0
[18:01:42] [Server thread/WARN]: [Essentials] Beginning Adventure locale file conversion.
[18:01:42] [Server thread/INFO]: [Essentials] Creating config from template: plugins/Essentials/config.yml
[18:01:42] [Server thread/WARN]: [Essentials] Missing userdata folder, aborting
[18:01:42] [Server thread/INFO]: [Essentials] Creating config from template: plugins/Essentials/kits.yml
[18:01:42] [Server thread/INFO]: [Essentials] Attempting to convert old kits in config.yml to new kits.yml
[18:01:42] [Server thread/INFO]: [Essentials] No kits found to migrate.
[18:01:42] [Server thread/INFO]: [Essentials] Starting Essentials ban format conversion
[18:01:42] [Server thread/INFO]: [Essentials] Attempting to migrate ignore list to UUIDs
[18:01:42] [Server thread/INFO]: [Essentials] Attempting to migrate legacy userdata keys to Configurate
[18:01:42] [Server thread/INFO]: [Essentials] Done converting random teleport config.
[18:01:42] [Server thread/INFO]: [Essentials] Creating config from template: plugins/Essentials/worth.yml
[18:01:42] [Server thread/INFO]: [Essentials] Selected Reflection Formatted Command Alias Provider as the provider for FormattedCommandAliasProvider
[18:01:42] [Server thread/INFO]: [Essentials] Selected Reflection Online Mode Provider as the provider for OnlineModeProvider
[18:01:42] [Server thread/INFO]: [Essentials] No provider found for ContainerProvider, but it is nullable
[18:01:42] [Server thread/INFO]: [Essentials] No provider found for SignDataProvider, but it is nullable
[18:01:42] [Server thread/INFO]: [Essentials] Selected Legacy InventoryView Abstract Class ABI Provider as the provider for InventoryViewProvider
[18:01:42] [Server thread/INFO]: [Essentials] Selected Fixed Height World Info Provider as the provider for WorldInfoProvider
[18:01:42] [Server thread/INFO]: [Essentials] Selected Legacy Banner Meta Provider as the provider for BannerDataProvider
[18:01:42] [Server thread/INFO]: [Essentials] Selected Legacy Damage Event Provider as the provider for DamageEventProvider
[18:01:42] [Server thread/INFO]: [Essentials] Selected 1.9-1.12.2 Spawn Egg Provider as the provider for SpawnEggProvider
[18:01:42] [Server thread/INFO]: [Essentials] Selected 1.12+ Spawner Block Provider as the provider for SpawnerBlockProvider
[18:01:42] [Server thread/INFO]: [Essentials] No provider found for MaterialTagProvider, but it is nullable
[18:01:42] [Server thread/INFO]: [Essentials] Selected 1.8.3+ Spawner Item Provider as the provider for SpawnerItemProvider
[18:01:42] [Server thread/INFO]: [Essentials] Selected Paper Known Commands Provider as the provider for KnownCommandsProvider
[18:01:42] [Server thread/INFO]: [Essentials] No provider found for SerializationProvider, but it is nullable
[18:01:42] [Server thread/INFO]: [Essentials] Selected Reflection Persistent Data Container Provider as the provider for PersistentDataProvider
[18:01:42] [Server thread/INFO]: [Essentials] No provider found for BiomeKeyProvider, but it is nullable
[18:01:42] [Server thread/INFO]: [Essentials] No provider found for TickCountProvider, but it is nullable
[18:01:42] [Server thread/INFO]: [Essentials] Selected Reflection Server State Provider as the provider for ServerStateProvider
[18:01:42] [Server thread/INFO]: [Essentials] Selected 1.12.2+ Player Locale Provider as the provider for PlayerLocaleProvider
[18:01:42] [Server thread/INFO]: [Essentials] Selected 1.11+ Item Unbreakable Provider as the provider for ItemUnbreakableProvider
[18:01:42] [Server thread/INFO]: [Essentials] Selected Reflection Sync Commands Provider as the provider for SyncCommandsProvider
[18:01:42] [Server thread/INFO]: [Essentials] Selected 1.9-1.20.4 Potion Meta Provider as the provider for PotionMetaProvider
[18:01:42] [Server thread/INFO]: [Essentials] Creating config from template: plugins/Essentials/tpr.yml
[18:01:43] [Server thread/INFO]: [Essentials] Loaded 853 items from items.csv.
[18:01:43] [Server thread/INFO]: [Essentials] Creating config from template: plugins/Essentials/custom_items.yml
[18:01:43] [Server thread/INFO]: [Essentials] Using locale en
[18:01:43] [Server thread/INFO]: [Essentials] ServerListPingEvent: Spigot iterator API
[18:01:43] [Server thread/INFO]: [Essentials] Starting Metrics. Opt-out using the global bStats config.
[18:01:43] [Server thread/INFO]: [Vault] [Economy] Essentials Economy hooked.
[18:01:43] [Server thread/INFO]: [Essentials] Using superperms-based permissions.
[18:01:43] [Server thread/INFO]: CONSOLE: Reload complete.
[18:01:43] [Server thread/INFO]: Timings Reset
[18:01:43] [Craft Scheduler Thread - 29/INFO]: [DecentHolograms] Loading holograms... 
[18:01:43] [Craft Scheduler Thread - 33/INFO]: [Essentials] Fetching version information...
[18:01:43] [Server thread/INFO]: [Essentials] Essentials found a compatible payment resolution method: Vault Compatibility Layer (v1.7.3-b131)!
[18:01:43] [Craft Scheduler Thread - 29/INFO]: [DecentHolograms] Loaded 2 holograms!
[18:01:43] [Server thread/INFO]: [Magic] Registered currencies: item,mana,xp,health,currency,sp,levels,hunger
[18:01:43] [Craft Scheduler Thread - 32/INFO]: 
A newer version of DecentHolograms is available. Download it from: https://www.spigotmc.org/resources/96927/
[18:01:43] [Server thread/WARN]: [Magic] [33m Unknown particle type bubble_column_up[0m
[18:01:43] [Craft Scheduler Thread - 28/INFO]: [Spawn] An update is available! Latest version: 2.4.2, you are using: 2.4.1
[18:01:43] [Craft Scheduler Thread - 30/INFO]: [SimpleTpa] There is a new update available.
[18:01:43] [Craft Scheduler Thread - 30/INFO]: [SimpleTpa] There is a new update available:
[18:01:43] [Craft Scheduler Thread - 30/INFO]: [SimpleTpa] https://www.spigotmc.org/resources/simple-tpa.64270/
[18:01:43] [Server thread/WARN]: [Magic] [33m Unknown particle type bubble_pop[0m
[18:01:43] [Server thread/WARN]: [Magic] [33m Unknown particle type flash[0m
[18:01:44] [Server thread/WARN]: [Magic] [33m Unknown particle type campfire_signal_smoke[0m
[18:01:44] [Server thread/WARN]: [Magic] [33m Unknown particle type campfire_cosy_smoke[0m
[18:01:44] [Server thread/WARN]: [Magic] [33m Unknown particle type campfire_signal_smoke[0m
[18:01:44] [Server thread/WARN]: [Magic] [33m Unknown particle type campfire_cosy_smoke[0m
[18:01:44] [Server thread/WARN]: [Magic] [33m Unknown particle type soul_fire_flame[0m
[18:01:44] [Server thread/WARN]: [Magic] [33m Unknown particle type bubble_pop[0m
[18:01:44] [Server thread/WARN]: [Magic] [33m Unknown particle type bubble_pop[0m
[18:01:44] [Server thread/WARN]: [Magic] [33m Unknown particle type soul_fire_flame[0m
[18:01:44] [Server thread/WARN]: [Magic] [33m Unknown particle type soul[0m
[18:01:44] [Server thread/WARN]: [Magic] [33m Unknown particle type soul_fire_flame[0m
[18:01:44] [Server thread/WARN]: [Magic] [33m Unknown particle type bubble_pop[0m
[18:01:44] [Server thread/WARN]: [Magic] [33m Unknown particle type bubble_pop[0m
[18:01:44] [Server thread/WARN]: [Magic] [33m Unknown particle type soul_fire_flame[0m
[18:01:44] [Server thread/WARN]: [Magic] [33m Unknown particle type soul[0m
[18:01:44] [Server thread/WARN]: [Magic] [33m Unknown particle type soul_fire_flame[0m
[18:01:44] [Server thread/WARN]: [Magic] [33m Unknown particle type bubble_pop[0m
[18:01:44] [Server thread/WARN]: [Magic] [33m Unknown particle type bubble_pop[0m
[18:01:44] [Server thread/WARN]: [Magic] [33m Unknown particle type soul_fire_flame[0m
[18:01:44] [Server thread/WARN]: [Magic] [33m Unknown particle type soul[0m
[18:01:44] [Server thread/WARN]: [Magic] [33m Unknown particle type soul_fire_flame[0m
[18:01:44] [Server thread/WARN]: [Magic] [33m Unknown particle type bubble_pop[0m
[18:01:44] [Server thread/WARN]: [Magic] [33m Unknown particle type bubble_pop[0m
[18:01:44] [Server thread/WARN]: [Magic] [33m Unknown particle type soul_fire_flame[0m
[18:01:44] [Server thread/WARN]: [Magic] [33m Unknown particle type soul[0m
[18:01:44] [Server thread/INFO]: [Magic] Loaded 527 spells
[18:01:44] [Server thread/INFO]: [Magic] Loaded 12 progression paths
[18:01:44] [Server thread/INFO]: [Magic] Loaded 32 crafting recipes
[18:01:44] [Server thread/INFO]: [Magic] LogBlock not found
[18:01:44] [Server thread/INFO]: [Magic] Integrating with Essentials for vanish detection
[18:01:44] [Server thread/INFO]: [Magic] Integrating with Essentials for Recall warps
[18:01:44] [Server thread/INFO]: [Magic] Essentials found, hooked up custom item handler
[18:01:44] [Server thread/INFO]: [Magic] Factions not found
[18:01:44] [Server thread/INFO]: [Magic] WorldGuard not found, region protection and pvp checks will not be used.
[18:01:44] [Server thread/INFO]: [Magic] Towny not found, region protection and pvp checks will not be used.
[18:01:44] [Server thread/INFO]: [Magic] Lockette nor LockettePro found, will not integrate.
[18:01:44] [Server thread/INFO]: [Magic] GriefPrevention not found, claim protection will not be used.
[18:01:44] [Server thread/INFO]: [Magic] NoCheatPlus not found, will not integrate.
[18:01:44] [Server thread/INFO]: [Magic] dynmap not found, not integrating.
[18:01:44] [Server thread/INFO]: [Magic] Citizens not found, Magic trait unavailable.
[18:01:44] [Server thread/INFO]: [Magic] LightAPI not found, Light action will not work
[18:01:44] [Server thread/INFO]: [Magic] Finished loading configuration
[18:01:44] [Server thread/INFO]: Resource pack has not changed, using hash XXwMvDZbIpjdKdbSWZPDNBLHxIk= (1614208353000 <= 1614208353000)
[18:01:44] [Craft Scheduler Thread - 30/INFO]: [Vault] Checking for Updates ... 
[18:01:44] [Server thread/INFO]: [Magic] Loading image map data from imagemaps.yml
[18:01:44] [Server thread/INFO]: [Magic] Loaded 0 image maps
[18:01:44] [Server thread/INFO]: [Magic] Finished loading data.
[18:01:44] [Craft Scheduler Thread - 30/INFO]: [Vault] No new version available
[18:01:44] [Craft Scheduler Thread - 33/WARN]: [Essentials] There is a new EssentialsX version available for download: 2.21.2.
[18:01:44] [Craft Scheduler Thread - 33/WARN]: [Essentials] Download it here: https://essentialsx.net/downloads.html?branch=stable
